<?xml version="1.0" encoding="UTF-8"?>
<!-- Generated by org.testng.reporters.JUnitReportReporter -->
<testsuite hostname="LAPTOP-N5KUAGO6" failures="0" tests="6" name="runner.TestRunner" time="58.105" errors="0" timestamp="2023-05-10T19:00:35 NZST" skipped="0">
  <testcase classname="runner.TestRunner" name="runScenario" time="7.258"/>
  <system-out/>
  <testcase classname="runner.TestRunner" name="runScenario" time="13.676"/>
  <system-out/>
  <testcase classname="runner.TestRunner" name="runScenario" time="11.293"/>
  <system-out/>
  <testcase classname="runner.TestRunner" name="runScenario" time="7.373"/>
  <system-out/>
  <testcase classname="runner.TestRunner" name="runScenario" time="6.757"/>
  <system-out/>
  <testcase classname="runner.TestRunner" name="runScenario" time="11.748"/>
  <system-out/>
</testsuite> <!-- runner.TestRunner -->
